2021-07-28 15:31:20,653 ERROR [WsdlSubmit] Exception in request: org.apache.http.conn.HttpHostConnectException: Connection to http://LAPTOP-599MBC9C:8088 refused
2021-07-28 15:31:20,672 ERROR [errorlog] org.apache.http.conn.HttpHostConnectException: Connection to http://LAPTOP-599MBC9C:8088 refused
org.apache.http.conn.HttpHostConnectException: Connection to http://LAPTOP-599MBC9C:8088 refused
	at com.eviware.soapui.impl.wsdl.support.http.SoapUIMultiThreadedHttpConnectionManager$SoapUIClientConnectionOperator.openConnection(SoapUIMultiThreadedHttpConnectionManager.java:332)
	at org.apache.http.impl.conn.AbstractPoolEntry.open(AbstractPoolEntry.java:149)
	at org.apache.http.impl.conn.AbstractPooledConnAdapter.open(AbstractPooledConnAdapter.java:121)
	at org.apache.http.impl.client.DefaultRequestDirector.tryConnect(DefaultRequestDirector.java:561)
	at org.apache.http.impl.client.DefaultRequestDirector.execute(DefaultRequestDirector.java:415)
	at org.apache.http.impl.client.AbstractHttpClient.execute(AbstractHttpClient.java:820)
	at org.apache.http.impl.client.AbstractHttpClient.execute(AbstractHttpClient.java:754)
	at com.eviware.soapui.impl.wsdl.support.http.HttpClientSupport$Helper.execute(HttpClientSupport.java:247)
	at com.eviware.soapui.impl.wsdl.support.http.HttpClientSupport.execute(HttpClientSupport.java:362)
	at com.eviware.soapui.impl.wsdl.submit.transports.http.HttpClientRequestTransport.submitRequest(HttpClientRequestTransport.java:324)
	at com.eviware.soapui.impl.wsdl.submit.transports.http.HttpClientRequestTransport.sendRequest(HttpClientRequestTransport.java:237)
	at com.eviware.soapui.impl.wsdl.WsdlSubmit.run(WsdlSubmit.java:127)
	at com.eviware.soapui.impl.wsdl.WsdlSubmit.submitRequest(WsdlSubmit.java:80)
	at com.eviware.soapui.impl.wsdl.WsdlRequest.submit(WsdlRequest.java:242)
	at com.eviware.soapui.impl.wsdl.teststeps.WsdlTestRequestStep.run(WsdlTestRequestStep.java:419)
	at com.eviware.soapui.impl.wsdl.support.AbstractTestCaseRunner.runTestStep(AbstractTestCaseRunner.java:239)
	at com.eviware.soapui.impl.wsdl.testcase.WsdlTestCaseRunner.runCurrentTestStep(WsdlTestCaseRunner.java:52)
	at com.eviware.soapui.impl.wsdl.support.AbstractTestCaseRunner.internalRun(AbstractTestCaseRunner.java:152)
	at com.eviware.soapui.impl.wsdl.support.AbstractTestCaseRunner.internalRun(AbstractTestCaseRunner.java:47)
	at com.eviware.soapui.impl.wsdl.support.AbstractTestRunner.run(AbstractTestRunner.java:139)
	at java.util.concurrent.Executors$RunnableAdapter.call(Executors.java:511)
	at java.util.concurrent.FutureTask.run(FutureTask.java:266)
	at java.util.concurrent.ThreadPoolExecutor.runWorker(ThreadPoolExecutor.java:1149)
	at java.util.concurrent.ThreadPoolExecutor$Worker.run(ThreadPoolExecutor.java:624)
	at java.lang.Thread.run(Thread.java:748)
Caused by: java.net.ConnectException: Connection refused: connect
	at java.net.DualStackPlainSocketImpl.connect0(Native Method)
	at java.net.DualStackPlainSocketImpl.socketConnect(DualStackPlainSocketImpl.java:75)
	at java.net.AbstractPlainSocketImpl.doConnect(AbstractPlainSocketImpl.java:476)
	at java.net.AbstractPlainSocketImpl.connectToAddress(AbstractPlainSocketImpl.java:218)
	at java.net.AbstractPlainSocketImpl.connect(AbstractPlainSocketImpl.java:200)
	at java.net.PlainSocketImpl.connect(PlainSocketImpl.java:162)
	at java.net.SocksSocketImpl.connect(SocksSocketImpl.java:365)
	at java.net.Socket.connect(Socket.java:606)
	at org.apache.http.conn.scheme.PlainSocketFactory.connectSocket(PlainSocketFactory.java:123)
	at com.eviware.soapui.impl.wsdl.support.http.SoapUIMultiThreadedHttpConnectionManager$SoapUIClientConnectionOperator.openConnection(SoapUIMultiThreadedHttpConnectionManager.java:310)
	... 24 more
2021-07-28 15:31:25,398 ERROR [WsdlSubmit] Exception in request: org.apache.http.conn.HttpHostConnectException: Connection to http://LAPTOP-599MBC9C:8088 refused
2021-07-28 15:31:25,402 ERROR [errorlog] org.apache.http.conn.HttpHostConnectException: Connection to http://LAPTOP-599MBC9C:8088 refused
org.apache.http.conn.HttpHostConnectException: Connection to http://LAPTOP-599MBC9C:8088 refused
	at com.eviware.soapui.impl.wsdl.support.http.SoapUIMultiThreadedHttpConnectionManager$SoapUIClientConnectionOperator.openConnection(SoapUIMultiThreadedHttpConnectionManager.java:332)
	at org.apache.http.impl.conn.AbstractPoolEntry.open(AbstractPoolEntry.java:149)
	at org.apache.http.impl.conn.AbstractPooledConnAdapter.open(AbstractPooledConnAdapter.java:121)
	at org.apache.http.impl.client.DefaultRequestDirector.tryConnect(DefaultRequestDirector.java:561)
	at org.apache.http.impl.client.DefaultRequestDirector.execute(DefaultRequestDirector.java:415)
	at org.apache.http.impl.client.AbstractHttpClient.execute(AbstractHttpClient.java:820)
	at org.apache.http.impl.client.AbstractHttpClient.execute(AbstractHttpClient.java:754)
	at com.eviware.soapui.impl.wsdl.support.http.HttpClientSupport$Helper.execute(HttpClientSupport.java:247)
	at com.eviware.soapui.impl.wsdl.support.http.HttpClientSupport.execute(HttpClientSupport.java:362)
	at com.eviware.soapui.impl.wsdl.submit.transports.http.HttpClientRequestTransport.submitRequest(HttpClientRequestTransport.java:324)
	at com.eviware.soapui.impl.wsdl.submit.transports.http.HttpClientRequestTransport.sendRequest(HttpClientRequestTransport.java:237)
	at com.eviware.soapui.impl.wsdl.WsdlSubmit.run(WsdlSubmit.java:127)
	at com.eviware.soapui.impl.wsdl.WsdlSubmit.submitRequest(WsdlSubmit.java:80)
	at com.eviware.soapui.impl.wsdl.WsdlRequest.submit(WsdlRequest.java:242)
	at com.eviware.soapui.impl.wsdl.teststeps.WsdlTestRequestStep.run(WsdlTestRequestStep.java:419)
	at com.eviware.soapui.impl.wsdl.support.AbstractTestCaseRunner.runTestStep(AbstractTestCaseRunner.java:239)
	at com.eviware.soapui.impl.wsdl.testcase.WsdlTestCaseRunner.runCurrentTestStep(WsdlTestCaseRunner.java:52)
	at com.eviware.soapui.impl.wsdl.support.AbstractTestCaseRunner.internalRun(AbstractTestCaseRunner.java:152)
	at com.eviware.soapui.impl.wsdl.support.AbstractTestCaseRunner.internalRun(AbstractTestCaseRunner.java:47)
	at com.eviware.soapui.impl.wsdl.support.AbstractTestRunner.run(AbstractTestRunner.java:139)
	at java.util.concurrent.Executors$RunnableAdapter.call(Executors.java:511)
	at java.util.concurrent.FutureTask.run(FutureTask.java:266)
	at java.util.concurrent.ThreadPoolExecutor.runWorker(ThreadPoolExecutor.java:1149)
	at java.util.concurrent.ThreadPoolExecutor$Worker.run(ThreadPoolExecutor.java:624)
	at java.lang.Thread.run(Thread.java:748)
Caused by: java.net.ConnectException: Connection refused: connect
	at java.net.DualStackPlainSocketImpl.connect0(Native Method)
	at java.net.DualStackPlainSocketImpl.socketConnect(DualStackPlainSocketImpl.java:75)
	at java.net.AbstractPlainSocketImpl.doConnect(AbstractPlainSocketImpl.java:476)
	at java.net.AbstractPlainSocketImpl.connectToAddress(AbstractPlainSocketImpl.java:218)
	at java.net.AbstractPlainSocketImpl.connect(AbstractPlainSocketImpl.java:200)
	at java.net.PlainSocketImpl.connect(PlainSocketImpl.java:162)
	at java.net.SocksSocketImpl.connect(SocksSocketImpl.java:365)
	at java.net.Socket.connect(Socket.java:606)
	at org.apache.http.conn.scheme.PlainSocketFactory.connectSocket(PlainSocketFactory.java:123)
	at com.eviware.soapui.impl.wsdl.support.http.SoapUIMultiThreadedHttpConnectionManager$SoapUIClientConnectionOperator.openConnection(SoapUIMultiThreadedHttpConnectionManager.java:310)
	... 24 more
2021-07-28 15:31:29,705 ERROR [WsdlSubmit] Exception in request: org.apache.http.conn.HttpHostConnectException: Connection to http://LAPTOP-599MBC9C:8088 refused
2021-07-28 15:31:29,709 ERROR [errorlog] org.apache.http.conn.HttpHostConnectException: Connection to http://LAPTOP-599MBC9C:8088 refused
org.apache.http.conn.HttpHostConnectException: Connection to http://LAPTOP-599MBC9C:8088 refused
	at com.eviware.soapui.impl.wsdl.support.http.SoapUIMultiThreadedHttpConnectionManager$SoapUIClientConnectionOperator.openConnection(SoapUIMultiThreadedHttpConnectionManager.java:332)
	at org.apache.http.impl.conn.AbstractPoolEntry.open(AbstractPoolEntry.java:149)
	at org.apache.http.impl.conn.AbstractPooledConnAdapter.open(AbstractPooledConnAdapter.java:121)
	at org.apache.http.impl.client.DefaultRequestDirector.tryConnect(DefaultRequestDirector.java:561)
	at org.apache.http.impl.client.DefaultRequestDirector.execute(DefaultRequestDirector.java:415)
	at org.apache.http.impl.client.AbstractHttpClient.execute(AbstractHttpClient.java:820)
	at org.apache.http.impl.client.AbstractHttpClient.execute(AbstractHttpClient.java:754)
	at com.eviware.soapui.impl.wsdl.support.http.HttpClientSupport$Helper.execute(HttpClientSupport.java:247)
	at com.eviware.soapui.impl.wsdl.support.http.HttpClientSupport.execute(HttpClientSupport.java:362)
	at com.eviware.soapui.impl.wsdl.submit.transports.http.HttpClientRequestTransport.submitRequest(HttpClientRequestTransport.java:324)
	at com.eviware.soapui.impl.wsdl.submit.transports.http.HttpClientRequestTransport.sendRequest(HttpClientRequestTransport.java:237)
	at com.eviware.soapui.impl.wsdl.WsdlSubmit.run(WsdlSubmit.java:127)
	at com.eviware.soapui.impl.wsdl.WsdlSubmit.submitRequest(WsdlSubmit.java:80)
	at com.eviware.soapui.impl.wsdl.WsdlRequest.submit(WsdlRequest.java:242)
	at com.eviware.soapui.impl.wsdl.teststeps.WsdlTestRequestStep.run(WsdlTestRequestStep.java:419)
	at com.eviware.soapui.impl.wsdl.support.AbstractTestCaseRunner.runTestStep(AbstractTestCaseRunner.java:239)
	at com.eviware.soapui.impl.wsdl.testcase.WsdlTestCaseRunner.runCurrentTestStep(WsdlTestCaseRunner.java:52)
	at com.eviware.soapui.impl.wsdl.support.AbstractTestCaseRunner.internalRun(AbstractTestCaseRunner.java:152)
	at com.eviware.soapui.impl.wsdl.support.AbstractTestCaseRunner.internalRun(AbstractTestCaseRunner.java:47)
	at com.eviware.soapui.impl.wsdl.support.AbstractTestRunner.run(AbstractTestRunner.java:139)
	at java.util.concurrent.Executors$RunnableAdapter.call(Executors.java:511)
	at java.util.concurrent.FutureTask.run(FutureTask.java:266)
	at java.util.concurrent.ThreadPoolExecutor.runWorker(ThreadPoolExecutor.java:1149)
	at java.util.concurrent.ThreadPoolExecutor$Worker.run(ThreadPoolExecutor.java:624)
	at java.lang.Thread.run(Thread.java:748)
Caused by: java.net.ConnectException: Connection refused: connect
	at java.net.DualStackPlainSocketImpl.connect0(Native Method)
	at java.net.DualStackPlainSocketImpl.socketConnect(DualStackPlainSocketImpl.java:75)
	at java.net.AbstractPlainSocketImpl.doConnect(AbstractPlainSocketImpl.java:476)
	at java.net.AbstractPlainSocketImpl.connectToAddress(AbstractPlainSocketImpl.java:218)
	at java.net.AbstractPlainSocketImpl.connect(AbstractPlainSocketImpl.java:200)
	at java.net.PlainSocketImpl.connect(PlainSocketImpl.java:162)
	at java.net.SocksSocketImpl.connect(SocksSocketImpl.java:365)
	at java.net.Socket.connect(Socket.java:606)
	at org.apache.http.conn.scheme.PlainSocketFactory.connectSocket(PlainSocketFactory.java:123)
	at com.eviware.soapui.impl.wsdl.support.http.SoapUIMultiThreadedHttpConnectionManager$SoapUIClientConnectionOperator.openConnection(SoapUIMultiThreadedHttpConnectionManager.java:310)
	... 24 more
2021-07-28 15:31:33,985 ERROR [WsdlSubmit] Exception in request: org.apache.http.conn.HttpHostConnectException: Connection to http://LAPTOP-599MBC9C:8088 refused
2021-07-28 15:31:33,990 ERROR [errorlog] org.apache.http.conn.HttpHostConnectException: Connection to http://LAPTOP-599MBC9C:8088 refused
org.apache.http.conn.HttpHostConnectException: Connection to http://LAPTOP-599MBC9C:8088 refused
	at com.eviware.soapui.impl.wsdl.support.http.SoapUIMultiThreadedHttpConnectionManager$SoapUIClientConnectionOperator.openConnection(SoapUIMultiThreadedHttpConnectionManager.java:332)
	at org.apache.http.impl.conn.AbstractPoolEntry.open(AbstractPoolEntry.java:149)
	at org.apache.http.impl.conn.AbstractPooledConnAdapter.open(AbstractPooledConnAdapter.java:121)
	at org.apache.http.impl.client.DefaultRequestDirector.tryConnect(DefaultRequestDirector.java:561)
	at org.apache.http.impl.client.DefaultRequestDirector.execute(DefaultRequestDirector.java:415)
	at org.apache.http.impl.client.AbstractHttpClient.execute(AbstractHttpClient.java:820)
	at org.apache.http.impl.client.AbstractHttpClient.execute(AbstractHttpClient.java:754)
	at com.eviware.soapui.impl.wsdl.support.http.HttpClientSupport$Helper.execute(HttpClientSupport.java:247)
	at com.eviware.soapui.impl.wsdl.support.http.HttpClientSupport.execute(HttpClientSupport.java:362)
	at com.eviware.soapui.impl.wsdl.submit.transports.http.HttpClientRequestTransport.submitRequest(HttpClientRequestTransport.java:324)
	at com.eviware.soapui.impl.wsdl.submit.transports.http.HttpClientRequestTransport.sendRequest(HttpClientRequestTransport.java:237)
	at com.eviware.soapui.impl.wsdl.WsdlSubmit.run(WsdlSubmit.java:127)
	at com.eviware.soapui.impl.wsdl.WsdlSubmit.submitRequest(WsdlSubmit.java:80)
	at com.eviware.soapui.impl.wsdl.WsdlRequest.submit(WsdlRequest.java:242)
	at com.eviware.soapui.impl.wsdl.teststeps.WsdlTestRequestStep.run(WsdlTestRequestStep.java:419)
	at com.eviware.soapui.impl.wsdl.support.AbstractTestCaseRunner.runTestStep(AbstractTestCaseRunner.java:239)
	at com.eviware.soapui.impl.wsdl.testcase.WsdlTestCaseRunner.runCurrentTestStep(WsdlTestCaseRunner.java:52)
	at com.eviware.soapui.impl.wsdl.support.AbstractTestCaseRunner.internalRun(AbstractTestCaseRunner.java:152)
	at com.eviware.soapui.impl.wsdl.support.AbstractTestCaseRunner.internalRun(AbstractTestCaseRunner.java:47)
	at com.eviware.soapui.impl.wsdl.support.AbstractTestRunner.run(AbstractTestRunner.java:139)
	at java.util.concurrent.Executors$RunnableAdapter.call(Executors.java:511)
	at java.util.concurrent.FutureTask.run(FutureTask.java:266)
	at java.util.concurrent.ThreadPoolExecutor.runWorker(ThreadPoolExecutor.java:1149)
	at java.util.concurrent.ThreadPoolExecutor$Worker.run(ThreadPoolExecutor.java:624)
	at java.lang.Thread.run(Thread.java:748)
Caused by: java.net.ConnectException: Connection refused: connect
	at java.net.DualStackPlainSocketImpl.connect0(Native Method)
	at java.net.DualStackPlainSocketImpl.socketConnect(DualStackPlainSocketImpl.java:75)
	at java.net.AbstractPlainSocketImpl.doConnect(AbstractPlainSocketImpl.java:476)
	at java.net.AbstractPlainSocketImpl.connectToAddress(AbstractPlainSocketImpl.java:218)
	at java.net.AbstractPlainSocketImpl.connect(AbstractPlainSocketImpl.java:200)
	at java.net.PlainSocketImpl.connect(PlainSocketImpl.java:162)
	at java.net.SocksSocketImpl.connect(SocksSocketImpl.java:365)
	at java.net.Socket.connect(Socket.java:606)
	at org.apache.http.conn.scheme.PlainSocketFactory.connectSocket(PlainSocketFactory.java:123)
	at com.eviware.soapui.impl.wsdl.support.http.SoapUIMultiThreadedHttpConnectionManager$SoapUIClientConnectionOperator.openConnection(SoapUIMultiThreadedHttpConnectionManager.java:310)
	... 24 more
2021-07-28 15:31:39,204 ERROR [WsdlSubmit] Exception in request: org.apache.http.conn.HttpHostConnectException: Connection to http://LAPTOP-599MBC9C:8088 refused
2021-07-28 15:31:39,209 ERROR [errorlog] org.apache.http.conn.HttpHostConnectException: Connection to http://LAPTOP-599MBC9C:8088 refused
org.apache.http.conn.HttpHostConnectException: Connection to http://LAPTOP-599MBC9C:8088 refused
	at com.eviware.soapui.impl.wsdl.support.http.SoapUIMultiThreadedHttpConnectionManager$SoapUIClientConnectionOperator.openConnection(SoapUIMultiThreadedHttpConnectionManager.java:332)
	at org.apache.http.impl.conn.AbstractPoolEntry.open(AbstractPoolEntry.java:149)
	at org.apache.http.impl.conn.AbstractPooledConnAdapter.open(AbstractPooledConnAdapter.java:121)
	at org.apache.http.impl.client.DefaultRequestDirector.tryConnect(DefaultRequestDirector.java:561)
	at org.apache.http.impl.client.DefaultRequestDirector.execute(DefaultRequestDirector.java:415)
	at org.apache.http.impl.client.AbstractHttpClient.execute(AbstractHttpClient.java:820)
	at org.apache.http.impl.client.AbstractHttpClient.execute(AbstractHttpClient.java:754)
	at com.eviware.soapui.impl.wsdl.support.http.HttpClientSupport$Helper.execute(HttpClientSupport.java:247)
	at com.eviware.soapui.impl.wsdl.support.http.HttpClientSupport.execute(HttpClientSupport.java:362)
	at com.eviware.soapui.impl.wsdl.submit.transports.http.HttpClientRequestTransport.submitRequest(HttpClientRequestTransport.java:324)
	at com.eviware.soapui.impl.wsdl.submit.transports.http.HttpClientRequestTransport.sendRequest(HttpClientRequestTransport.java:237)
	at com.eviware.soapui.impl.wsdl.WsdlSubmit.run(WsdlSubmit.java:127)
	at com.eviware.soapui.impl.wsdl.WsdlSubmit.submitRequest(WsdlSubmit.java:80)
	at com.eviware.soapui.impl.wsdl.WsdlRequest.submit(WsdlRequest.java:242)
	at com.eviware.soapui.impl.wsdl.teststeps.WsdlTestRequestStep.run(WsdlTestRequestStep.java:419)
	at com.eviware.soapui.impl.wsdl.support.AbstractTestCaseRunner.runTestStep(AbstractTestCaseRunner.java:239)
	at com.eviware.soapui.impl.wsdl.testcase.WsdlTestCaseRunner.runCurrentTestStep(WsdlTestCaseRunner.java:52)
	at com.eviware.soapui.impl.wsdl.support.AbstractTestCaseRunner.internalRun(AbstractTestCaseRunner.java:152)
	at com.eviware.soapui.impl.wsdl.support.AbstractTestCaseRunner.internalRun(AbstractTestCaseRunner.java:47)
	at com.eviware.soapui.impl.wsdl.support.AbstractTestRunner.run(AbstractTestRunner.java:139)
	at java.util.concurrent.Executors$RunnableAdapter.call(Executors.java:511)
	at java.util.concurrent.FutureTask.run(FutureTask.java:266)
	at java.util.concurrent.ThreadPoolExecutor.runWorker(ThreadPoolExecutor.java:1149)
	at java.util.concurrent.ThreadPoolExecutor$Worker.run(ThreadPoolExecutor.java:624)
	at java.lang.Thread.run(Thread.java:748)
Caused by: java.net.ConnectException: Connection refused: connect
	at java.net.DualStackPlainSocketImpl.connect0(Native Method)
	at java.net.DualStackPlainSocketImpl.socketConnect(DualStackPlainSocketImpl.java:75)
	at java.net.AbstractPlainSocketImpl.doConnect(AbstractPlainSocketImpl.java:476)
	at java.net.AbstractPlainSocketImpl.connectToAddress(AbstractPlainSocketImpl.java:218)
	at java.net.AbstractPlainSocketImpl.connect(AbstractPlainSocketImpl.java:200)
	at java.net.PlainSocketImpl.connect(PlainSocketImpl.java:162)
	at java.net.SocksSocketImpl.connect(SocksSocketImpl.java:365)
	at java.net.Socket.connect(Socket.java:606)
	at org.apache.http.conn.scheme.PlainSocketFactory.connectSocket(PlainSocketFactory.java:123)
	at com.eviware.soapui.impl.wsdl.support.http.SoapUIMultiThreadedHttpConnectionManager$SoapUIClientConnectionOperator.openConnection(SoapUIMultiThreadedHttpConnectionManager.java:310)
	... 24 more
2021-07-28 15:31:43,484 ERROR [WsdlSubmit] Exception in request: org.apache.http.conn.HttpHostConnectException: Connection to http://LAPTOP-599MBC9C:8088 refused
2021-07-28 15:31:43,488 ERROR [errorlog] org.apache.http.conn.HttpHostConnectException: Connection to http://LAPTOP-599MBC9C:8088 refused
org.apache.http.conn.HttpHostConnectException: Connection to http://LAPTOP-599MBC9C:8088 refused
	at com.eviware.soapui.impl.wsdl.support.http.SoapUIMultiThreadedHttpConnectionManager$SoapUIClientConnectionOperator.openConnection(SoapUIMultiThreadedHttpConnectionManager.java:332)
	at org.apache.http.impl.conn.AbstractPoolEntry.open(AbstractPoolEntry.java:149)
	at org.apache.http.impl.conn.AbstractPooledConnAdapter.open(AbstractPooledConnAdapter.java:121)
	at org.apache.http.impl.client.DefaultRequestDirector.tryConnect(DefaultRequestDirector.java:561)
	at org.apache.http.impl.client.DefaultRequestDirector.execute(DefaultRequestDirector.java:415)
	at org.apache.http.impl.client.AbstractHttpClient.execute(AbstractHttpClient.java:820)
	at org.apache.http.impl.client.AbstractHttpClient.execute(AbstractHttpClient.java:754)
	at com.eviware.soapui.impl.wsdl.support.http.HttpClientSupport$Helper.execute(HttpClientSupport.java:247)
	at com.eviware.soapui.impl.wsdl.support.http.HttpClientSupport.execute(HttpClientSupport.java:362)
	at com.eviware.soapui.impl.wsdl.submit.transports.http.HttpClientRequestTransport.submitRequest(HttpClientRequestTransport.java:324)
	at com.eviware.soapui.impl.wsdl.submit.transports.http.HttpClientRequestTransport.sendRequest(HttpClientRequestTransport.java:237)
	at com.eviware.soapui.impl.wsdl.WsdlSubmit.run(WsdlSubmit.java:127)
	at com.eviware.soapui.impl.wsdl.WsdlSubmit.submitRequest(WsdlSubmit.java:80)
	at com.eviware.soapui.impl.wsdl.WsdlRequest.submit(WsdlRequest.java:242)
	at com.eviware.soapui.impl.wsdl.teststeps.WsdlTestRequestStep.run(WsdlTestRequestStep.java:419)
	at com.eviware.soapui.impl.wsdl.support.AbstractTestCaseRunner.runTestStep(AbstractTestCaseRunner.java:239)
	at com.eviware.soapui.impl.wsdl.testcase.WsdlTestCaseRunner.runCurrentTestStep(WsdlTestCaseRunner.java:52)
	at com.eviware.soapui.impl.wsdl.support.AbstractTestCaseRunner.internalRun(AbstractTestCaseRunner.java:152)
	at com.eviware.soapui.impl.wsdl.support.AbstractTestCaseRunner.internalRun(AbstractTestCaseRunner.java:47)
	at com.eviware.soapui.impl.wsdl.support.AbstractTestRunner.run(AbstractTestRunner.java:139)
	at java.util.concurrent.Executors$RunnableAdapter.call(Executors.java:511)
	at java.util.concurrent.FutureTask.run(FutureTask.java:266)
	at java.util.concurrent.ThreadPoolExecutor.runWorker(ThreadPoolExecutor.java:1149)
	at java.util.concurrent.ThreadPoolExecutor$Worker.run(ThreadPoolExecutor.java:624)
	at java.lang.Thread.run(Thread.java:748)
Caused by: java.net.ConnectException: Connection refused: connect
	at java.net.DualStackPlainSocketImpl.connect0(Native Method)
	at java.net.DualStackPlainSocketImpl.socketConnect(DualStackPlainSocketImpl.java:75)
	at java.net.AbstractPlainSocketImpl.doConnect(AbstractPlainSocketImpl.java:476)
	at java.net.AbstractPlainSocketImpl.connectToAddress(AbstractPlainSocketImpl.java:218)
	at java.net.AbstractPlainSocketImpl.connect(AbstractPlainSocketImpl.java:200)
	at java.net.PlainSocketImpl.connect(PlainSocketImpl.java:162)
	at java.net.SocksSocketImpl.connect(SocksSocketImpl.java:365)
	at java.net.Socket.connect(Socket.java:606)
	at org.apache.http.conn.scheme.PlainSocketFactory.connectSocket(PlainSocketFactory.java:123)
	at com.eviware.soapui.impl.wsdl.support.http.SoapUIMultiThreadedHttpConnectionManager$SoapUIClientConnectionOperator.openConnection(SoapUIMultiThreadedHttpConnectionManager.java:310)
	... 24 more
2021-07-28 15:31:47,778 ERROR [WsdlSubmit] Exception in request: org.apache.http.conn.HttpHostConnectException: Connection to http://LAPTOP-599MBC9C:8088 refused
2021-07-28 15:31:47,786 ERROR [errorlog] org.apache.http.conn.HttpHostConnectException: Connection to http://LAPTOP-599MBC9C:8088 refused
org.apache.http.conn.HttpHostConnectException: Connection to http://LAPTOP-599MBC9C:8088 refused
	at com.eviware.soapui.impl.wsdl.support.http.SoapUIMultiThreadedHttpConnectionManager$SoapUIClientConnectionOperator.openConnection(SoapUIMultiThreadedHttpConnectionManager.java:332)
	at org.apache.http.impl.conn.AbstractPoolEntry.open(AbstractPoolEntry.java:149)
	at org.apache.http.impl.conn.AbstractPooledConnAdapter.open(AbstractPooledConnAdapter.java:121)
	at org.apache.http.impl.client.DefaultRequestDirector.tryConnect(DefaultRequestDirector.java:561)
	at org.apache.http.impl.client.DefaultRequestDirector.execute(DefaultRequestDirector.java:415)
	at org.apache.http.impl.client.AbstractHttpClient.execute(AbstractHttpClient.java:820)
	at org.apache.http.impl.client.AbstractHttpClient.execute(AbstractHttpClient.java:754)
	at com.eviware.soapui.impl.wsdl.support.http.HttpClientSupport$Helper.execute(HttpClientSupport.java:247)
	at com.eviware.soapui.impl.wsdl.support.http.HttpClientSupport.execute(HttpClientSupport.java:362)
	at com.eviware.soapui.impl.wsdl.submit.transports.http.HttpClientRequestTransport.submitRequest(HttpClientRequestTransport.java:324)
	at com.eviware.soapui.impl.wsdl.submit.transports.http.HttpClientRequestTransport.sendRequest(HttpClientRequestTransport.java:237)
	at com.eviware.soapui.impl.wsdl.WsdlSubmit.run(WsdlSubmit.java:127)
	at com.eviware.soapui.impl.wsdl.WsdlSubmit.submitRequest(WsdlSubmit.java:80)
	at com.eviware.soapui.impl.wsdl.WsdlRequest.submit(WsdlRequest.java:242)
	at com.eviware.soapui.impl.wsdl.teststeps.WsdlTestRequestStep.run(WsdlTestRequestStep.java:419)
	at com.eviware.soapui.impl.wsdl.support.AbstractTestCaseRunner.runTestStep(AbstractTestCaseRunner.java:239)
	at com.eviware.soapui.impl.wsdl.testcase.WsdlTestCaseRunner.runCurrentTestStep(WsdlTestCaseRunner.java:52)
	at com.eviware.soapui.impl.wsdl.support.AbstractTestCaseRunner.internalRun(AbstractTestCaseRunner.java:152)
	at com.eviware.soapui.impl.wsdl.support.AbstractTestCaseRunner.internalRun(AbstractTestCaseRunner.java:47)
	at com.eviware.soapui.impl.wsdl.support.AbstractTestRunner.run(AbstractTestRunner.java:139)
	at java.util.concurrent.Executors$RunnableAdapter.call(Executors.java:511)
	at java.util.concurrent.FutureTask.run(FutureTask.java:266)
	at java.util.concurrent.ThreadPoolExecutor.runWorker(ThreadPoolExecutor.java:1149)
	at java.util.concurrent.ThreadPoolExecutor$Worker.run(ThreadPoolExecutor.java:624)
	at java.lang.Thread.run(Thread.java:748)
Caused by: java.net.ConnectException: Connection refused: connect
	at java.net.DualStackPlainSocketImpl.connect0(Native Method)
	at java.net.DualStackPlainSocketImpl.socketConnect(DualStackPlainSocketImpl.java:75)
	at java.net.AbstractPlainSocketImpl.doConnect(AbstractPlainSocketImpl.java:476)
	at java.net.AbstractPlainSocketImpl.connectToAddress(AbstractPlainSocketImpl.java:218)
	at java.net.AbstractPlainSocketImpl.connect(AbstractPlainSocketImpl.java:200)
	at java.net.PlainSocketImpl.connect(PlainSocketImpl.java:162)
	at java.net.SocksSocketImpl.connect(SocksSocketImpl.java:365)
	at java.net.Socket.connect(Socket.java:606)
	at org.apache.http.conn.scheme.PlainSocketFactory.connectSocket(PlainSocketFactory.java:123)
	at com.eviware.soapui.impl.wsdl.support.http.SoapUIMultiThreadedHttpConnectionManager$SoapUIClientConnectionOperator.openConnection(SoapUIMultiThreadedHttpConnectionManager.java:310)
	... 24 more
2021-07-28 15:31:49,033 ERROR [errorlog] com.mysql.jdbc.exceptions.jdbc4.MySQLSyntaxErrorException: Unknown database 'global_priv'
com.mysql.jdbc.exceptions.jdbc4.MySQLSyntaxErrorException: Unknown database 'global_priv'
	at sun.reflect.NativeConstructorAccessorImpl.newInstance0(Native Method)
	at sun.reflect.NativeConstructorAccessorImpl.newInstance(NativeConstructorAccessorImpl.java:62)
	at sun.reflect.DelegatingConstructorAccessorImpl.newInstance(DelegatingConstructorAccessorImpl.java:45)
	at java.lang.reflect.Constructor.newInstance(Constructor.java:423)
	at com.mysql.jdbc.Util.handleNewInstance(Util.java:403)
	at com.mysql.jdbc.Util.getInstance(Util.java:386)
	at com.mysql.jdbc.SQLError.createSQLException(SQLError.java:944)
	at com.mysql.jdbc.MysqlIO.checkErrorPacket(MysqlIO.java:3933)
	at com.mysql.jdbc.MysqlIO.checkErrorPacket(MysqlIO.java:3869)
	at com.mysql.jdbc.MysqlIO.checkErrorPacket(MysqlIO.java:864)
	at com.mysql.jdbc.MysqlIO.proceedHandshakeWithPluggableAuthentication(MysqlIO.java:1707)
	at com.mysql.jdbc.MysqlIO.doHandshake(MysqlIO.java:1217)
	at com.mysql.jdbc.ConnectionImpl.coreConnect(ConnectionImpl.java:2189)
	at com.mysql.jdbc.ConnectionImpl.connectOneTryOnly(ConnectionImpl.java:2220)
	at com.mysql.jdbc.ConnectionImpl.createNewIO(ConnectionImpl.java:2015)
	at com.mysql.jdbc.ConnectionImpl.<init>(ConnectionImpl.java:768)
	at com.mysql.jdbc.JDBC4Connection.<init>(JDBC4Connection.java:47)
	at sun.reflect.NativeConstructorAccessorImpl.newInstance0(Native Method)
	at sun.reflect.NativeConstructorAccessorImpl.newInstance(NativeConstructorAccessorImpl.java:62)
	at sun.reflect.DelegatingConstructorAccessorImpl.newInstance(DelegatingConstructorAccessorImpl.java:45)
	at java.lang.reflect.Constructor.newInstance(Constructor.java:423)
	at com.mysql.jdbc.Util.handleNewInstance(Util.java:403)
	at com.mysql.jdbc.ConnectionImpl.getInstance(ConnectionImpl.java:385)
	at com.mysql.jdbc.NonRegisteringDriver.connect(NonRegisteringDriver.java:323)
	at java.sql.DriverManager.getConnection(DriverManager.java:664)
	at java.sql.DriverManager.getConnection(DriverManager.java:270)
	at com.eviware.soapui.support.jdbc.JdbcUtils.initConnection(JdbcUtils.java:72)
	at com.eviware.soapui.impl.wsdl.panels.teststeps.JdbcSubmit.getDatabaseConnection(JdbcSubmit.java:222)
	at com.eviware.soapui.impl.wsdl.panels.teststeps.JdbcSubmit.prepare(JdbcSubmit.java:265)
	at com.eviware.soapui.impl.wsdl.panels.teststeps.JdbcSubmit.runQuery(JdbcSubmit.java:201)
	at com.eviware.soapui.impl.wsdl.panels.teststeps.JdbcSubmit.run(JdbcSubmit.java:165)
	at com.eviware.soapui.impl.wsdl.panels.teststeps.JdbcSubmit.<init>(JdbcSubmit.java:79)
	at com.eviware.soapui.impl.wsdl.panels.teststeps.JdbcRequest.submit(JdbcRequest.java:131)
	at com.eviware.soapui.impl.wsdl.teststeps.JdbcRequestTestStep.run(JdbcRequestTestStep.java:209)
	at com.eviware.soapui.impl.wsdl.support.AbstractTestCaseRunner.runTestStep(AbstractTestCaseRunner.java:239)
	at com.eviware.soapui.impl.wsdl.testcase.WsdlTestCaseRunner.runCurrentTestStep(WsdlTestCaseRunner.java:52)
	at com.eviware.soapui.impl.wsdl.support.AbstractTestCaseRunner.internalRun(AbstractTestCaseRunner.java:152)
	at com.eviware.soapui.impl.wsdl.support.AbstractTestCaseRunner.internalRun(AbstractTestCaseRunner.java:47)
	at com.eviware.soapui.impl.wsdl.support.AbstractTestRunner.run(AbstractTestRunner.java:139)
	at java.util.concurrent.Executors$RunnableAdapter.call(Executors.java:511)
	at java.util.concurrent.FutureTask.run(FutureTask.java:266)
	at java.util.concurrent.ThreadPoolExecutor.runWorker(ThreadPoolExecutor.java:1149)
	at java.util.concurrent.ThreadPoolExecutor$Worker.run(ThreadPoolExecutor.java:624)
	at java.lang.Thread.run(Thread.java:748)
2021-07-28 15:31:54,630 ERROR [WsdlSubmit] Exception in request: org.apache.http.conn.HttpHostConnectException: Connection to http://LAPTOP-599MBC9C:8088 refused
2021-07-28 15:31:54,634 ERROR [errorlog] org.apache.http.conn.HttpHostConnectException: Connection to http://LAPTOP-599MBC9C:8088 refused
org.apache.http.conn.HttpHostConnectException: Connection to http://LAPTOP-599MBC9C:8088 refused
	at com.eviware.soapui.impl.wsdl.support.http.SoapUIMultiThreadedHttpConnectionManager$SoapUIClientConnectionOperator.openConnection(SoapUIMultiThreadedHttpConnectionManager.java:332)
	at org.apache.http.impl.conn.AbstractPoolEntry.open(AbstractPoolEntry.java:149)
	at org.apache.http.impl.conn.AbstractPooledConnAdapter.open(AbstractPooledConnAdapter.java:121)
	at org.apache.http.impl.client.DefaultRequestDirector.tryConnect(DefaultRequestDirector.java:561)
	at org.apache.http.impl.client.DefaultRequestDirector.execute(DefaultRequestDirector.java:415)
	at org.apache.http.impl.client.AbstractHttpClient.execute(AbstractHttpClient.java:820)
	at org.apache.http.impl.client.AbstractHttpClient.execute(AbstractHttpClient.java:754)
	at com.eviware.soapui.impl.wsdl.support.http.HttpClientSupport$Helper.execute(HttpClientSupport.java:247)
	at com.eviware.soapui.impl.wsdl.support.http.HttpClientSupport.execute(HttpClientSupport.java:362)
	at com.eviware.soapui.impl.wsdl.submit.transports.http.HttpClientRequestTransport.submitRequest(HttpClientRequestTransport.java:324)
	at com.eviware.soapui.impl.wsdl.submit.transports.http.HttpClientRequestTransport.sendRequest(HttpClientRequestTransport.java:237)
	at com.eviware.soapui.impl.wsdl.WsdlSubmit.run(WsdlSubmit.java:127)
	at com.eviware.soapui.impl.wsdl.WsdlSubmit.submitRequest(WsdlSubmit.java:80)
	at com.eviware.soapui.impl.wsdl.WsdlRequest.submit(WsdlRequest.java:242)
	at com.eviware.soapui.impl.wsdl.teststeps.WsdlTestRequestStep.run(WsdlTestRequestStep.java:419)
	at com.eviware.soapui.impl.wsdl.support.AbstractTestCaseRunner.runTestStep(AbstractTestCaseRunner.java:239)
	at com.eviware.soapui.impl.wsdl.testcase.WsdlTestCaseRunner.runCurrentTestStep(WsdlTestCaseRunner.java:52)
	at com.eviware.soapui.impl.wsdl.support.AbstractTestCaseRunner.internalRun(AbstractTestCaseRunner.java:152)
	at com.eviware.soapui.impl.wsdl.support.AbstractTestCaseRunner.internalRun(AbstractTestCaseRunner.java:47)
	at com.eviware.soapui.impl.wsdl.support.AbstractTestRunner.run(AbstractTestRunner.java:139)
	at com.eviware.soapui.impl.wsdl.support.AbstractTestRunner.start(AbstractTestRunner.java:81)
	at com.eviware.soapui.impl.wsdl.testcase.WsdlTestCase.run(WsdlTestCase.java:645)
	at com.eviware.soapui.impl.wsdl.testcase.WsdlTestCase.run(WsdlTestCase.java:77)
	at com.eviware.soapui.model.testsuite.TestCase$run.call(Unknown Source)
	at org.codehaus.groovy.runtime.callsite.CallSiteArray.defaultCall(CallSiteArray.java:45)
	at org.codehaus.groovy.runtime.callsite.AbstractCallSite.call(AbstractCallSite.java:108)
	at org.codehaus.groovy.runtime.callsite.AbstractCallSite.call(AbstractCallSite.java:120)
	at Script1.run(Script1.groovy:23)
	at com.eviware.soapui.support.scripting.groovy.SoapUIGroovyScriptEngine.run(SoapUIGroovyScriptEngine.java:100)
	at com.eviware.soapui.impl.wsdl.teststeps.WsdlGroovyScriptTestStep.run(WsdlGroovyScriptTestStep.java:154)
	at com.eviware.soapui.impl.wsdl.support.AbstractTestCaseRunner.runTestStep(AbstractTestCaseRunner.java:239)
	at com.eviware.soapui.impl.wsdl.testcase.WsdlTestCaseRunner.runCurrentTestStep(WsdlTestCaseRunner.java:52)
	at com.eviware.soapui.impl.wsdl.support.AbstractTestCaseRunner.internalRun(AbstractTestCaseRunner.java:152)
	at com.eviware.soapui.impl.wsdl.support.AbstractTestCaseRunner.internalRun(AbstractTestCaseRunner.java:47)
	at com.eviware.soapui.impl.wsdl.support.AbstractTestRunner.run(AbstractTestRunner.java:139)
	at java.util.concurrent.Executors$RunnableAdapter.call(Executors.java:511)
	at java.util.concurrent.FutureTask.run(FutureTask.java:266)
	at java.util.concurrent.ThreadPoolExecutor.runWorker(ThreadPoolExecutor.java:1149)
	at java.util.concurrent.ThreadPoolExecutor$Worker.run(ThreadPoolExecutor.java:624)
	at java.lang.Thread.run(Thread.java:748)
Caused by: java.net.ConnectException: Connection refused: connect
	at java.net.DualStackPlainSocketImpl.connect0(Native Method)
	at java.net.DualStackPlainSocketImpl.socketConnect(DualStackPlainSocketImpl.java:75)
	at java.net.AbstractPlainSocketImpl.doConnect(AbstractPlainSocketImpl.java:476)
	at java.net.AbstractPlainSocketImpl.connectToAddress(AbstractPlainSocketImpl.java:218)
	at java.net.AbstractPlainSocketImpl.connect(AbstractPlainSocketImpl.java:200)
	at java.net.PlainSocketImpl.connect(PlainSocketImpl.java:162)
	at java.net.SocksSocketImpl.connect(SocksSocketImpl.java:365)
	at java.net.Socket.connect(Socket.java:606)
	at org.apache.http.conn.scheme.PlainSocketFactory.connectSocket(PlainSocketFactory.java:123)
	at com.eviware.soapui.impl.wsdl.support.http.SoapUIMultiThreadedHttpConnectionManager$SoapUIClientConnectionOperator.openConnection(SoapUIMultiThreadedHttpConnectionManager.java:310)
	... 39 more
2021-07-28 15:31:59,110 ERROR [WsdlSubmit] Exception in request: org.apache.http.conn.HttpHostConnectException: Connection to http://LAPTOP-599MBC9C:8088 refused
2021-07-28 15:31:59,114 ERROR [errorlog] org.apache.http.conn.HttpHostConnectException: Connection to http://LAPTOP-599MBC9C:8088 refused
org.apache.http.conn.HttpHostConnectException: Connection to http://LAPTOP-599MBC9C:8088 refused
	at com.eviware.soapui.impl.wsdl.support.http.SoapUIMultiThreadedHttpConnectionManager$SoapUIClientConnectionOperator.openConnection(SoapUIMultiThreadedHttpConnectionManager.java:332)
	at org.apache.http.impl.conn.AbstractPoolEntry.open(AbstractPoolEntry.java:149)
	at org.apache.http.impl.conn.AbstractPooledConnAdapter.open(AbstractPooledConnAdapter.java:121)
	at org.apache.http.impl.client.DefaultRequestDirector.tryConnect(DefaultRequestDirector.java:561)
	at org.apache.http.impl.client.DefaultRequestDirector.execute(DefaultRequestDirector.java:415)
	at org.apache.http.impl.client.AbstractHttpClient.execute(AbstractHttpClient.java:820)
	at org.apache.http.impl.client.AbstractHttpClient.execute(AbstractHttpClient.java:754)
	at com.eviware.soapui.impl.wsdl.support.http.HttpClientSupport$Helper.execute(HttpClientSupport.java:247)
	at com.eviware.soapui.impl.wsdl.support.http.HttpClientSupport.execute(HttpClientSupport.java:362)
	at com.eviware.soapui.impl.wsdl.submit.transports.http.HttpClientRequestTransport.submitRequest(HttpClientRequestTransport.java:324)
	at com.eviware.soapui.impl.wsdl.submit.transports.http.HttpClientRequestTransport.sendRequest(HttpClientRequestTransport.java:237)
	at com.eviware.soapui.impl.wsdl.WsdlSubmit.run(WsdlSubmit.java:127)
	at com.eviware.soapui.impl.wsdl.WsdlSubmit.submitRequest(WsdlSubmit.java:80)
	at com.eviware.soapui.impl.wsdl.WsdlRequest.submit(WsdlRequest.java:242)
	at com.eviware.soapui.impl.wsdl.teststeps.WsdlTestRequestStep.run(WsdlTestRequestStep.java:419)
	at com.eviware.soapui.impl.wsdl.support.AbstractTestCaseRunner.runTestStep(AbstractTestCaseRunner.java:239)
	at com.eviware.soapui.impl.wsdl.testcase.WsdlTestCaseRunner.runCurrentTestStep(WsdlTestCaseRunner.java:52)
	at com.eviware.soapui.impl.wsdl.support.AbstractTestCaseRunner.internalRun(AbstractTestCaseRunner.java:152)
	at com.eviware.soapui.impl.wsdl.support.AbstractTestCaseRunner.internalRun(AbstractTestCaseRunner.java:47)
	at com.eviware.soapui.impl.wsdl.support.AbstractTestRunner.run(AbstractTestRunner.java:139)
	at com.eviware.soapui.impl.wsdl.support.AbstractTestRunner.start(AbstractTestRunner.java:81)
	at com.eviware.soapui.impl.wsdl.testcase.WsdlTestCase.run(WsdlTestCase.java:645)
	at com.eviware.soapui.impl.wsdl.testcase.WsdlTestCase.run(WsdlTestCase.java:77)
	at com.eviware.soapui.model.testsuite.TestCase$run.call(Unknown Source)
	at org.codehaus.groovy.runtime.callsite.CallSiteArray.defaultCall(CallSiteArray.java:45)
	at org.codehaus.groovy.runtime.callsite.AbstractCallSite.call(AbstractCallSite.java:108)
	at org.codehaus.groovy.runtime.callsite.AbstractCallSite.call(AbstractCallSite.java:120)
	at Script1.run(Script1.groovy:11)
	at com.eviware.soapui.support.scripting.groovy.SoapUIGroovyScriptEngine.run(SoapUIGroovyScriptEngine.java:100)
	at com.eviware.soapui.impl.wsdl.teststeps.WsdlGroovyScriptTestStep.run(WsdlGroovyScriptTestStep.java:154)
	at com.eviware.soapui.impl.wsdl.support.AbstractTestCaseRunner.runTestStep(AbstractTestCaseRunner.java:239)
	at com.eviware.soapui.impl.wsdl.testcase.WsdlTestCaseRunner.runCurrentTestStep(WsdlTestCaseRunner.java:52)
	at com.eviware.soapui.impl.wsdl.support.AbstractTestCaseRunner.internalRun(AbstractTestCaseRunner.java:152)
	at com.eviware.soapui.impl.wsdl.support.AbstractTestCaseRunner.internalRun(AbstractTestCaseRunner.java:47)
	at com.eviware.soapui.impl.wsdl.support.AbstractTestRunner.run(AbstractTestRunner.java:139)
	at java.util.concurrent.Executors$RunnableAdapter.call(Executors.java:511)
	at java.util.concurrent.FutureTask.run(FutureTask.java:266)
	at java.util.concurrent.ThreadPoolExecutor.runWorker(ThreadPoolExecutor.java:1149)
	at java.util.concurrent.ThreadPoolExecutor$Worker.run(ThreadPoolExecutor.java:624)
	at java.lang.Thread.run(Thread.java:748)
Caused by: java.net.ConnectException: Connection refused: connect
	at java.net.DualStackPlainSocketImpl.connect0(Native Method)
	at java.net.DualStackPlainSocketImpl.socketConnect(DualStackPlainSocketImpl.java:75)
	at java.net.AbstractPlainSocketImpl.doConnect(AbstractPlainSocketImpl.java:476)
	at java.net.AbstractPlainSocketImpl.connectToAddress(AbstractPlainSocketImpl.java:218)
	at java.net.AbstractPlainSocketImpl.connect(AbstractPlainSocketImpl.java:200)
	at java.net.PlainSocketImpl.connect(PlainSocketImpl.java:162)
	at java.net.SocksSocketImpl.connect(SocksSocketImpl.java:365)
	at java.net.Socket.connect(Socket.java:606)
	at org.apache.http.conn.scheme.PlainSocketFactory.connectSocket(PlainSocketFactory.java:123)
	at com.eviware.soapui.impl.wsdl.support.http.SoapUIMultiThreadedHttpConnectionManager$SoapUIClientConnectionOperator.openConnection(SoapUIMultiThreadedHttpConnectionManager.java:310)
	... 39 more
2021-07-28 15:31:59,590 ERROR [errorlog] groovy.lang.MissingPropertyException: No such property: result for class: com.eviware.soapui.impl.wsdl.testcase.WsdlTestCaseRunner
Possible solutions: results
groovy.lang.MissingPropertyException: No such property: result for class: com.eviware.soapui.impl.wsdl.testcase.WsdlTestCaseRunner
Possible solutions: results
	at org.codehaus.groovy.runtime.ScriptBytecodeAdapter.unwrap(ScriptBytecodeAdapter.java:50)
	at org.codehaus.groovy.runtime.callsite.GetEffectivePojoPropertySite.getProperty(GetEffectivePojoPropertySite.java:63)
	at org.codehaus.groovy.runtime.callsite.AbstractCallSite.callGetProperty(AbstractCallSite.java:227)
	at Script1.run(Script1.groovy:21)
	at com.eviware.soapui.support.scripting.groovy.SoapUIGroovyScriptEngine.run(SoapUIGroovyScriptEngine.java:100)
	at com.eviware.soapui.impl.wsdl.teststeps.WsdlGroovyScriptTestStep.run(WsdlGroovyScriptTestStep.java:154)
	at com.eviware.soapui.impl.wsdl.support.AbstractTestCaseRunner.runTestStep(AbstractTestCaseRunner.java:239)
	at com.eviware.soapui.impl.wsdl.testcase.WsdlTestCaseRunner.runCurrentTestStep(WsdlTestCaseRunner.java:52)
	at com.eviware.soapui.impl.wsdl.support.AbstractTestCaseRunner.internalRun(AbstractTestCaseRunner.java:152)
	at com.eviware.soapui.impl.wsdl.support.AbstractTestCaseRunner.internalRun(AbstractTestCaseRunner.java:47)
	at com.eviware.soapui.impl.wsdl.support.AbstractTestRunner.run(AbstractTestRunner.java:139)
	at java.util.concurrent.Executors$RunnableAdapter.call(Executors.java:511)
	at java.util.concurrent.FutureTask.run(FutureTask.java:266)
	at java.util.concurrent.ThreadPoolExecutor.runWorker(ThreadPoolExecutor.java:1149)
	at java.util.concurrent.ThreadPoolExecutor$Worker.run(ThreadPoolExecutor.java:624)
	at java.lang.Thread.run(Thread.java:748)
